TE27F8740 000:023.629   SEGGER J-Link V8.10h Log File
TE27F8740 000:023.710   DLL Compiled: Nov 20 2024 12:20:16
TE27F8740 000:023.712   Logging started @ 2025-06-11 09:01
TE27F8740 000:023.713   Process: /opt/SEGGER/JLink_V810h/JLinkExe
TE27F8740 000:023.715 - 23.715ms 
TE27F8740 000:023.728 JLINK_TIF_GetAvailable(...)
TE27F8740 000:026.108 - 2.380ms 
TE27F8740 000:026.152 JLINK_ConfigJTAG(IRPre = -1, DRPre = -1)
TE27F8740 000:026.156 - 0.008ms 
TE27F8740 000:026.168 JLINK_DEVICE_GetIndex(sDeviceName = lpc2294)
TE27F8740 000:039.245 - 13.076ms returns 5206
TE27F8740 000:039.263 JLINK_ExecCommand("device=lpc2294", ...). 
TE27F8740 000:040.630   Add. flash bank: Turbo mode enabled, but no RAMCode available. 
TE27F8740 000:040.733   Device "LPC2294" selected.
TE27F8740 000:042.013 - 2.748ms returns 0x00
TE27F8740 000:042.018 JLINK_EnableLog(...)
TE27F8740 000:042.020 - 0.002ms 
TE27F8740 000:042.026 JLINK_GetEmuCaps()
TE27F8740 000:042.028 - 0.002ms returns 0xB9FF7BBF
TE27F8740 000:042.030 JLINK_TIF_GetAvailable(...)
TE27F8740 000:042.163 - 0.132ms 
TE27F8740 000:042.171 JLINK_TIF_Select(JLINKARM_TIF_JTAG)
TE27F8740 000:045.180 - 3.009ms returns 0x00
TE27F8740 000:045.190 JLINK_IsConnected()
TE27F8740 000:045.191 - 0.002ms returns FALSE
TE27F8740 000:045.194 JLINK_SetSpeed(2000)
TE27F8740 000:045.453 - 0.260ms 
TE27F8740 000:045.456 JLINK_Connect()
TE27F8740 000:046.880   TotalIRLen = 4, IRPrint = 0x01
TE27F8740 000:047.499   JTAG chain detection found 1 devices:
TE27F8740 000:047.521    #0 Id: 0x4F1F0F0F, IRLen: 04, ARM7TDMI-S Core
TE27F8740 000:048.088   -- Max. mem block: 0x00004598
TE27F8740 000:048.107 - 2.651ms returns 0x00
TE27F8740 000:048.110 JLINK_GetIdData(pIdData)
TE27F8740 000:049.627   pIdData->ScanLen=4
TE27F8740 000:049.639   pIdData->NumDevices=1
TE27F8740 000:049.649   pIdData->aId[0]=0x4F1F0F0F
TE27F8740 000:049.658   pIdData->aIrRead[0]=0
TE27F8740 000:049.668   pIdData->aScanLen[0]=4
TE27F8740 000:049.673   pIdData->aScanRead[0]=0
TE27F8740 000:049.676 - 1.566ms 
TE27F8740 000:049.679 JLINK_GetMemZones(...)
TE27F8740 000:049.682 - 0.002ms returns 1
TE27F8740 000:049.700 JLINK_HasError()
TE27F8740 000:049.703 JLINK_CORE_GetFound()
TE27F8740 000:049.705 - 0.002ms returns 0x7FFFFFF
TE27F8740 000:049.712 JLINK_ETM_IsPresent()
TE27F8740 000:052.007 - 2.294ms returns 18:TRUE
TE27F8740 000:052.017 JLINK_ETM_IsPresent()
TE27F8740 000:052.025 - 0.007ms returns 18:TRUE
TE27F8740 000:052.030 JLINK_ETM_ReadReg(RegIndex = 0x01)
TE27F8740 000:052.033    -- Skipped
TE27F8740 000:052.036 - 0.006ms returns 0x20842401
TE27F8740 000:052.046 JLINK_ETB_IsPresent()
TE27F8740 000:052.049 - 0.003ms returns 0:FALSE
TE27F8740 000:052.056 JLINK_SetResetType(JLINKARM_RESET_TYPE_HALT_WP)
TE27F8740 000:052.061 - 0.004ms returns JLINKARM_RESET_TYPE_LPC
TE27F8740 000:052.065 JLINK_GetResetTypeDesc
TE27F8740 000:052.068 - 0.002ms 
TE27F8740 000:052.090 JLINK_ConfigJTAG(IRPre = -1, DRPre = -1)
TE27F8740 000:052.092 - 0.003ms 
TE27F8740 000:052.096 JLINK_DEVICE_GetIndex(sDeviceName = lpc2294)
TE27F8740 000:052.314 - 0.217ms returns 5206
TE27F8740 000:052.324 JLINK_ExecCommand("device=lpc2294", ...). 
TE27F8740 000:052.462   Add. flash bank: Turbo mode enabled, but no RAMCode available. 
TE27F8740 000:052.494   Device "LPC2294" selected.
TE27F8740 000:052.593 - 0.266ms returns 0x00
TE27F8740 000:052.597 JLINK_EnableLog(...)
TE27F8740 000:052.599 - 0.002ms 
TE27F8740 000:052.605 JLINK_GetEmuCaps()
TE27F8740 000:052.608 - 0.002ms returns 0xB9FF7BBF
TE27F8740 000:052.610 JLINK_TIF_GetAvailable(...)
TE27F8740 000:052.726 - 0.116ms 
TE27F8740 000:052.729 JLINK_TIF_Select(JLINKARM_TIF_JTAG)
TE27F8740 000:052.732 - 0.003ms returns 0x00
TE27F8740 000:052.738 JLINK_IsConnected()
TE27F8740 000:052.742 - 0.004ms returns TRUE
TE27F8740 000:052.744 JLINK_SetSpeed(2000)
TE27F8740 000:052.795 - 0.051ms 
TE27F8740 000:052.797 JLINK_Connect()
TE27F8740 000:054.375   TotalIRLen = 4, IRPrint = 0x01
TE27F8740 000:054.854   JTAG chain detection found 1 devices:
TE27F8740 000:054.861    #0 Id: 0x4F1F0F0F, IRLen: 04, ARM7TDMI-S Core
TE27F8740 000:055.428   -- Max. mem block: 0x00004598
TE27F8740 000:055.436 - 2.639ms returns 0x00
TE27F8740 000:055.439 JLINK_GetIdData(pIdData)
TE27F8740 000:056.492   pIdData->ScanLen=4
TE27F8740 000:056.497   pIdData->NumDevices=1
TE27F8740 000:056.501   pIdData->aId[0]=0x4F1F0F0F
TE27F8740 000:056.505   pIdData->aIrRead[0]=0
TE27F8740 000:056.508   pIdData->aScanLen[0]=4
TE27F8740 000:056.512   pIdData->aScanRead[0]=0
TE27F8740 000:056.516 - 1.076ms 
TE27F8740 000:056.519 JLINK_GetMemZones(...)
TE27F8740 000:056.522 - 0.003ms returns 1
TE27F8740 000:056.530 JLINK_HasError()
TE27F8740 000:056.533 JLINK_CORE_GetFound()
TE27F8740 000:056.536 - 0.003ms returns 0x7FFFFFF
TE27F8740 000:056.543 JLINK_ETM_IsPresent()
TE27F8740 000:058.493 - 1.950ms returns 18:TRUE
TE27F8740 000:058.498 JLINK_ETM_IsPresent()
TE27F8740 000:058.501 - 0.003ms returns 18:TRUE
TE27F8740 000:058.505 JLINK_ETM_ReadReg(RegIndex = 0x01)
TE27F8740 000:058.508    -- Skipped
TE27F8740 000:058.512 - 0.008ms returns 0x20842401
TE27F8740 000:058.520 JLINK_ETB_IsPresent()
TE27F8740 000:058.523 - 0.004ms returns 0:FALSE
TE27F8740 000:058.541 JLINK_Reset()
TE27F8740 000:058.551   JLINK_GetResetTypeDesc
TE27F8740 000:058.554   - 0.003ms 
TE27F8740 000:058.562   Reset type: HALT_WP (https://wiki.segger.com/J-Link_Reset_Strategies)
TE27F8740 000:058.566   _ResetHaltWP: 
TE27F8740 000:082.513   Resetting TRST
TE27F8740 000:106.317 - 47.774ms 
TE27F8740 000:106.413 JLINK_Halt()
TE27F8740 000:106.422 - 0.009ms returns 0x00
TE27F8740 000:106.487 JLINK_ExecCommand("SetVerifyRAMDownload = 1", ...). 
TE27F8740 000:106.502 - 0.005ms returns 0x00
TE27F8740 000:106.511 JLINK_DownloadFile()
TE27F8740 000:106.702   Data:  12 00 00 EA 14 F0 9F E5 14 F0 9F E5 14 F0 9F E5 ...
TE27F8740 000:108.244    -- ReadRemote(4 bytes @ 0xE01FC040)
TE27F8740 000:108.904    -- Need to split memory access
TE27F8740 000:108.914    -- #0: 0x00000000, 0x00000040 bytes
TE27F8740 000:108.925   completely In flash
TE27F8740 000:108.935    -- #1: 0x00000040, 0x000003E4 bytes
TE27F8740 000:108.944   completely In flash
TE27F8740 000:109.118    -- --------------------------------------
TE27F8740 000:109.144    -- Flash bank @ 0x00000000: Default: L2 verify disabled because algorithm performs L1 verify
TE27F8740 000:109.155    -- Start of determining dirty areas in flash cache
TE27F8740 000:109.173    -- Filling invalid ranges in sector buffer (flash cache) for sector @ 0x00000000 if necessary
TE27F8740 000:109.363    -- End of determining dirty areas
TE27F8740 000:109.373    -- Start of preparing flash programming
TE27F8740 000:109.384    -- Calculating RAM usage
TE27F8740 000:109.411    -- RAM usage = 4576 Bytes
TE27F8740 000:109.421    -- Preserving CPU registers
TE27F8740 000:109.450    -- Determining CPU clock frequency
TE27F8740 000:118.824    -- Preparing target
TE27F8740 000:120.323    -- Preserving target RAM temporarily used for programming
TE27F8740 000:160.517    -- Preserving additional used target memory
TE27F8740 000:161.301    -- Downloading RAMCode
TE27F8740 000:173.886    -- Preparing RAMCode
TE27F8740 000:178.349    -- CPU frequency = 49544 kHz
TE27F8740 000:178.366    -- End of preparing flash programming
TE27F8740 000:198.860    -- CPU is running at 49544 kHz.
TE27F8740 000:198.869    -- Start of comparing flash
TE27F8740 000:198.875    -- CRC check was estimated as fastest method
TE27F8740 000:200.698    -- Comparing range 0x0000 - 0x1FFF (1 Sector, 8 KB), using multi-block CRC calculation
TE27F8740 000:217.251    -- CRC does not match for sector 0
TE27F8740 000:217.278    -- End of comparing flash
TE27F8740 000:217.283    -- Start of erasing sectors
TE27F8740 000:217.289    -- Erasing range 0x00000000 - 0x00001FFF (  1 Sector, 8 KB)
TE27F8740 000:336.884    -- End of erasing sectors
TE27F8740 000:336.904    -- Start of flash programming
TE27F8740 000:336.911    -- Programming range 0x00000000 - 0x00001FFF (  1 Sector, 8 KB)
TE27F8740 000:382.025    -- End of flash programming
TE27F8740 000:382.086    -- 0x0000 - 0x1FFF (  1 Sector, 8 KB)
TE27F8740 000:382.096    -- Start of restoring
TE27F8740 000:382.106    -- Restoring RAMCode
TE27F8740 000:385.633    -- Restoring target memory
TE27F8740 000:419.474    -- Restore target
TE27F8740 000:420.199    -- Restoring CPU registers
TE27F8740 000:420.232    -- End of restoring
TE27F8740 000:420.268    -- Bank 0 @ 0x00000000: 1 range affected (8192 bytes)
TE27F8740 000:420.292    -- Total: 0.310s (Prepare: 0.089s, Compare: 0.018s, Erase: 0.119s, Program & Verify: 0.045s, Restore: 0.038s)
TE27F8740 000:420.313    -- Program & Verify speed: 178 KB/s
TE27F8740 000:422.188 - 315.676ms returns 0x00
TE27F8740 000:422.214 JLINK_ExecCommand("SetVerifyRAMDownload = 0", ...). 
TE27F8740 000:422.229 - 0.004ms returns 0x01
TE27F8740 000:422.265 JLINK_SetResetDelay(0)
TE27F8740 000:422.272 - 0.006ms 
TE27F8740 000:422.282 JLINK_Reset()
TE27F8740 000:422.295   JLINK_GetResetTypeDesc
TE27F8740 000:422.302   - 0.008ms 
TE27F8740 000:422.314   Reset type: HALT_WP (https://wiki.segger.com/J-Link_Reset_Strategies)
TE27F8740 000:422.321   _ResetHaltWP: 
TE27F8740 000:447.907   Resetting TRST
TE27F8740 000:470.079 - 47.794ms 
TE27F8740 000:470.188 JLINK_IsOpen()
TE27F8740 000:470.196 - 0.009ms returns 0x01
TE27F8740 000:475.883 JLINK_Close()
TE27F8740 000:493.210 - 17.326ms
TE27F8740 000:493.244   
TE27F8740 000:493.251   Closed
